ERROR:root:time data '10-32-1948' does not match format '%m-%d-%Y'
DEBUG:root:birthday: 1948-10-31 00:00:00
DEBUG:root:upcoming: 2015-10-31 00:00:00
DEBUG:root:fixed upcoming: 2016-10-30 00:00:00
DEBUG:root:duration: 505 days, 22:39:16.402485
DEBUG:root:birthday: 1999-02-01 00:00:00
DEBUG:root:upcoming: 2015-02-01 00:00:00
DEBUG:root:duration: -132 days, 22:39:16.386886
ERROR:root:time data '10-32-1948' does not match format '%m-%d-%Y'
DEBUG:root:birthday: 1948-10-31 00:00:00
DEBUG:root:upcoming: 2015-10-31 00:00:00
DEBUG:root:duration: 140 days, 22:37:19.590434
DEBUG:root:birthday: 1999-02-01 00:00:00
DEBUG:root:upcoming: 2015-02-01 00:00:00
DEBUG:root:fixed upcoming: 2016-02-01 00:00:00
DEBUG:root:duration: 233 days, 22:37:19.590434
ERROR:root:time data '10-32-1948' does not match format '%m-%d-%Y'
DEBUG:root:birthday: 1948-10-31 00:00:00
DEBUG:root:upcoming: 2015-10-31 00:00:00
DEBUG:root:duration: 140 days, 22:37:11.993283
DEBUG:root:birthday: 1999-02-01 00:00:00
DEBUG:root:upcoming: 2015-02-01 00:00:00
DEBUG:root:fixed upcoming: 2016-02-01 00:00:00
DEBUG:root:duration: 233 days, 22:37:11.977683
ERROR:root:time data '10-32-1948' does not match format '%m-%d-%Y'
