2015-06-10 00:57:02,018 root:INFO:forestry.py function:start_logging line:34 Starting up the forestry program
2015-06-10 00:57:02,024 root:INFO:forestry.py function:__init__ line:53 Instantiated a tree
2015-06-10 00:57:02,025 root:INFO:forestry.py function:__init__ line:78 Instantiated a Lumberjack
2015-06-10 00:57:02,026 root:INFO:forestry.py function:get_boards line:59 tree.get_boards method called
2015-06-10 00:57:02,026 root:INFO:forestry.py function:cut_down_tree line:90 Lumberjack.tree cut down
2015-06-10 00:57:02,027 root:INFO:forestry.py function:__init__ line:53 Instantiated a tree
2015-06-10 00:57:02,028 root:INFO:forestry.py function:__init__ line:78 Instantiated a Lumberjack
2015-06-10 00:57:02,028 root:INFO:forestry.py function:get_boards line:59 tree.get_boards method called
2015-06-10 00:57:02,029 root:INFO:forestry.py function:cut_down_tree line:90 Lumberjack.tree cut down
2015-06-10 00:57:02,030 root:INFO:forestry.py function:__init__ line:53 Instantiated a tree
2015-06-10 00:57:02,030 root:INFO:forestry.py function:__init__ line:78 Instantiated a Lumberjack
2015-06-10 00:57:02,031 root:INFO:forestry.py function:get_boards line:59 tree.get_boards method called
2015-06-10 00:57:02,031 root:INFO:forestry.py function:cut_down_tree line:90 Lumberjack.tree cut down
2015-06-10 00:57:02,032 root:INFO:forestry.py function:__init__ line:53 Instantiated a tree
2015-06-10 00:57:02,033 root:INFO:forestry.py function:__init__ line:78 Instantiated a Lumberjack
2015-06-10 00:57:02,033 root:INFO:forestry.py function:get_boards line:59 tree.get_boards method called
2015-06-10 00:57:02,034 root:INFO:forestry.py function:cut_down_tree line:90 Lumberjack.tree cut down
2015-06-10 00:57:02,035 root:INFO:forestry.py function:__init__ line:53 Instantiated a tree
2015-06-10 00:57:02,035 root:INFO:forestry.py function:__init__ line:78 Instantiated a Lumberjack
2015-06-10 00:57:02,036 root:INFO:forestry.py function:get_boards line:59 tree.get_boards method called
2015-06-10 00:57:02,037 root:INFO:forestry.py function:cut_down_tree line:90 Lumberjack.tree cut down
2015-06-10 00:57:02,038 root:ERROR:forestry.py function:__init__ line:50 Tree size must be one of: L,S,XXL,M,XL
2015-06-10 00:57:02,038 root:INFO:forestry.py function:__init__ line:78 Instantiated a Lumberjack
2015-06-10 00:57:02,039 root:ERROR:forestry.py function:cut_down_tree line:86 Cannot cut_down_tree(): Lumberjack has no tree!
2015-06-10 00:57:02,040 root:INFO:forestry.py function:__init__ line:53 Instantiated a tree
2015-06-10 00:57:02,041 root:INFO:forestry.py function:get_boards line:59 tree.get_boards method called
2015-06-10 00:57:02,041 root:INFO:forestry.py function:__init__ line:53 Instantiated a tree
2015-06-10 00:57:02,042 root:INFO:forestry.py function:get_boards line:59 tree.get_boards method called
2015-06-10 00:57:02,043 root:INFO:forestry.py function:__init__ line:53 Instantiated a tree
2015-06-10 00:57:02,043 root:INFO:forestry.py function:get_boards line:59 tree.get_boards method called
2015-06-10 00:57:02,044 root:INFO:forestry.py function:__init__ line:53 Instantiated a tree
2015-06-10 00:57:02,045 root:INFO:forestry.py function:get_boards line:59 tree.get_boards method called
2015-06-10 00:57:02,045 root:INFO:forestry.py function:__init__ line:53 Instantiated a tree
2015-06-10 00:57:02,046 root:INFO:forestry.py function:get_boards line:59 tree.get_boards method called
2015-06-10 00:57:02,047 root:INFO:forestry.py function:__init__ line:53 Instantiated a tree
